Base path: 'C:/UnityStuff/UnityEditors/2019.2.9f1/Editor/Data', plugins path 'C:/UnityStuff/UnityEditors/2019.2.9f1/Editor/Data/PlaybackEngines'
Cmd: initializeCompiler
Cmd: compileComputeKernel
  api=4 insize=2473 outsize=228 ok=1
Cmd: compileComputeKernel
  api=4 insize=2466 outsize=228 ok=1
Cmd: compileComputeKernel
  api=4 insize=2488 outsize=228 ok=1
Cmd: compileComputeKernel
  api=4 insize=2723 outsize=228 ok=1
Cmd: compileComputeKernel
  api=4 insize=2719 outsize=3760 ok=1
Cmd: compileComputeKernel
  api=4 insize=2713 outsize=228 ok=1
Cmd: compileComputeKernel
  api=4 insize=2733 outsize=228 ok=1
Cmd: compileComputeKernel
  error: 2 plat 4 at Genetic_Cop_Shader.compute(15): 'Random': Not all control paths return a value
  api=4 insize=2851 outsize=0 ok=0
Cmd: compileComputeKernel
  api=4 insize=2252 outsize=228 ok=1
Cmd: compileComputeKernel
  api=4 insize=2285 outsize=228 ok=1
